0 info it worked if it ends with ok
1 verbose cli [ '/usr/local/bin/node', '/usr/local/bin/npm', 'start' ]
2 info using npm@3.7.3
3 info using node@v5.8.0
4 verbose run-script [ 'prestart', 'start', 'poststart' ]
5 info lifecycle gitflick@1.0.0~prestart: gitflick@1.0.0
6 silly lifecycle gitflick@1.0.0~prestart: no script for prestart, continuing
7 info lifecycle gitflick@1.0.0~start: gitflick@1.0.0
8 verbose lifecycle gitflick@1.0.0~start: unsafe-perm in lifecycle true
9 verbose lifecycle gitflick@1.0.0~start: PATH: /usr/local/lib/node_modules/npm/bin/node-gyp-bin:/Volumes/disk0s2/WebApps/gitflick/node_modules/.bin:/usr/local/bin:/Users/pauljones/.rvm/gems/ruby-2.2.1/bin:/Users/pauljones/.rvm/gems/ruby-2.2.1@global/bin:/Users/pauljones/.rvm/rubies/ruby-2.2.1/bin:/Users/pauljones/.dnx/runtimes/dnx-mono.1.0.0-beta8/bin:/Users/pauljones/.dnx/bin:/Volumes/disk0s2/WebApps/expose/expose.sh:/Users/pauljones/google-cloud-sdk/bin:/usr/local/heroku/bin:/Library/Frameworks/Python.framework/Versions/2.7/bin:/usr/local/bin:/usr/bin:/bin:/usr/sbin:/sbin:/opt/X11/bin:/usr/local/git/bin:/opt/ImageMagick/bin:/Users/pauljones/bin:/usr/local/bin:/Users/pauljones/.rvm/bin
10 verbose lifecycle gitflick@1.0.0~start: CWD: /Volumes/disk0s2/WebApps/gitflick
11 silly lifecycle gitflick@1.0.0~start: Args: [ '-c', 'tsc && concurrently "tsc -w" "lite-server" ' ]
12 silly lifecycle gitflick@1.0.0~start: Returned: code: 2  signal: null
13 info lifecycle gitflick@1.0.0~start: Failed to exec start script
14 verbose stack Error: gitflick@1.0.0 start: `tsc && concurrently "tsc -w" "lite-server" `
14 verbose stack Exit status 2
14 verbose stack     at EventEmitter.<anonymous> (/usr/local/lib/node_modules/npm/lib/utils/lifecycle.js:239:16)
14 verbose stack     at emitTwo (events.js:100:13)
14 verbose stack     at EventEmitter.emit (events.js:185:7)
14 verbose stack     at ChildProcess.<anonymous> (/usr/local/lib/node_modules/npm/lib/utils/spawn.js:24:14)
14 verbose stack     at emitTwo (events.js:100:13)
14 verbose stack     at ChildProcess.emit (events.js:185:7)
14 verbose stack     at maybeClose (internal/child_process.js:850:16)
14 verbose stack     at Process.ChildProcess._handle.onexit (internal/child_process.js:215:5)
15 verbose pkgid gitflick@1.0.0
16 verbose cwd /Volumes/disk0s2/WebApps/gitflick
17 error Darwin 15.6.0
18 error argv "/usr/local/bin/node" "/usr/local/bin/npm" "start"
19 error node v5.8.0
20 error npm  v3.7.3
21 error code ELIFECYCLE
22 error gitflick@1.0.0 start: `tsc && concurrently "tsc -w" "lite-server" `
22 error Exit status 2
23 error Failed at the gitflick@1.0.0 start script 'tsc && concurrently "tsc -w" "lite-server" '.
23 error Make sure you have the latest version of node.js and npm installed.
23 error If you do, this is most likely a problem with the gitflick package,
23 error not with npm itself.
23 error Tell the author that this fails on your system:
23 error     tsc && concurrently "tsc -w" "lite-server"
23 error You can get information on how to open an issue for this project with:
23 error     npm bugs gitflick
23 error Or if that isn't available, you can get their info via:
23 error     npm owner ls gitflick
23 error There is likely additional logging output above.
24 verbose exit [ 1, true ]
